<?xml version="1.0" encoding="UTF-8"?>
<!-- Generated by org.testng.reporters.JUnitReportReporter -->
<testsuite skipped="0" hostname="DESKTOP-V7LUVIH" name="testScript.Test2" tests="2" failures="0" timestamp="05 Nov 2017 09:31:57 GMT" time="5.426" errors="0">
  <testcase name="testSearchSelenium" time="1.886" classname="testScript.Test2"/>
  <testcase name="testSearchSelenium" time="3.540" classname="testScript.Test2"/>
</testsuite> <!-- testScript.Test2 -->
