<?xml version="1.0" encoding="UTF-8"?>
<!-- Generated by org.testng.reporters.JUnitReportReporter -->
<testsuite skipped="0" hostname="DESKTOP-V7LUVIH" name="testScript.Test3" tests="2" failures="0" timestamp="05 Nov 2017 09:31:57 GMT" time="6.090" errors="0">
  <testcase name="testSearchSelenium" time="0.801" classname="testScript.Test3"/>
  <testcase name="testSearchSelenium" time="5.289" classname="testScript.Test3"/>
</testsuite> <!-- testScript.Test3 -->
