<?xml version="1.0" encoding="UTF-8"?>
<!-- Generated by org.testng.reporters.JUnitReportReporter -->
<testsuite skipped="0" hostname="DESKTOP-V7LUVIH" name="testScript.Test3" tests="2" failures="0" timestamp="05 Nov 2017 09:33:12 GMT" time="4.931" errors="0">
  <testcase name="testSearchSelenium" time="0.828" classname="testScript.Test3"/>
  <testcase name="testSearchSelenium" time="4.103" classname="testScript.Test3"/>
</testsuite> <!-- testScript.Test3 -->
