<?xml version="1.0" encoding="UTF-8"?>
<!-- Generated by org.testng.reporters.JUnitReportReporter -->
<testsuite skipped="0" hostname="DESKTOP-V7LUVIH" name="testScript.Test2" tests="2" failures="0" timestamp="05 Nov 2017 09:33:12 GMT" time="4.361" errors="0">
  <testcase name="testSearchSelenium" time="2.264" classname="testScript.Test2"/>
  <testcase name="testSearchSelenium" time="2.097" classname="testScript.Test2"/>
</testsuite> <!-- testScript.Test2 -->
